2025-12-02 18:04:03,976 [INFO] ==== STARTING FUZZING RUN ====
2025-12-02 18:04:03,976 [INFO] === Fuzzing giveTimeStamp() ===
2025-12-02 18:04:03,976 [INFO] Iteration 0: OK giveTimeStamp() -> 2025-12-02 18:04:03
2025-12-02 18:04:03,976 [INFO] Iteration 1: OK giveTimeStamp() -> 2025-12-02 18:04:03
2025-12-02 18:04:03,976 [INFO] Iteration 2: OK giveTimeStamp() -> 2025-12-02 18:04:03
2025-12-02 18:04:03,976 [INFO] Iteration 3: OK giveTimeStamp() -> 2025-12-02 18:04:03
2025-12-02 18:04:03,976 [INFO] Iteration 4: OK giveTimeStamp() -> 2025-12-02 18:04:03
2025-12-02 18:04:03,976 [INFO] Iteration 5: OK giveTimeStamp() -> 2025-12-02 18:04:03
2025-12-02 18:04:03,976 [INFO] Iteration 6: OK giveTimeStamp() -> 2025-12-02 18:04:03
2025-12-02 18:04:03,976 [INFO] Iteration 7: OK giveTimeStamp() -> 2025-12-02 18:04:03
2025-12-02 18:04:03,976 [INFO] Iteration 8: OK giveTimeStamp() -> 2025-12-02 18:04:03
2025-12-02 18:04:03,976 [INFO] Iteration 9: OK giveTimeStamp() -> 2025-12-02 18:04:03
2025-12-02 18:04:03,976 [INFO] Iteration 10: OK giveTimeStamp() -> 2025-12-02 18:04:03
2025-12-02 18:04:03,976 [INFO] Iteration 11: OK giveTimeStamp() -> 2025-12-02 18:04:03
2025-12-02 18:04:03,976 [INFO] Iteration 12: OK giveTimeStamp() -> 2025-12-02 18:04:03
2025-12-02 18:04:03,976 [INFO] Iteration 13: OK giveTimeStamp() -> 2025-12-02 18:04:03
2025-12-02 18:04:03,976 [INFO] Iteration 14: OK giveTimeStamp() -> 2025-12-02 18:04:03
2025-12-02 18:04:03,976 [INFO] Iteration 15: OK giveTimeStamp() -> 2025-12-02 18:04:03
2025-12-02 18:04:03,976 [INFO] Iteration 16: OK giveTimeStamp() -> 2025-12-02 18:04:03
2025-12-02 18:04:03,976 [INFO] Iteration 17: OK giveTimeStamp() -> 2025-12-02 18:04:03
2025-12-02 18:04:03,976 [INFO] Iteration 18: OK giveTimeStamp() -> 2025-12-02 18:04:03
2025-12-02 18:04:03,976 [INFO] Iteration 19: OK giveTimeStamp() -> 2025-12-02 18:04:03
2025-12-02 18:04:03,976 [INFO] Iteration 20: OK giveTimeStamp() -> 2025-12-02 18:04:03
2025-12-02 18:04:03,976 [INFO] Iteration 21: OK giveTimeStamp() -> 2025-12-02 18:04:03
2025-12-02 18:04:03,976 [INFO] Iteration 22: OK giveTimeStamp() -> 2025-12-02 18:04:03
2025-12-02 18:04:03,976 [INFO] Iteration 23: OK giveTimeStamp() -> 2025-12-02 18:04:03
2025-12-02 18:04:03,976 [INFO] Iteration 24: OK giveTimeStamp() -> 2025-12-02 18:04:03
2025-12-02 18:04:03,980 [INFO] Iteration 25: OK giveTimeStamp() -> 2025-12-02 18:04:03
2025-12-02 18:04:03,980 [INFO] Iteration 26: OK giveTimeStamp() -> 2025-12-02 18:04:03
2025-12-02 18:04:03,980 [INFO] Iteration 27: OK giveTimeStamp() -> 2025-12-02 18:04:03
2025-12-02 18:04:03,980 [INFO] Iteration 28: OK giveTimeStamp() -> 2025-12-02 18:04:03
2025-12-02 18:04:03,980 [INFO] Iteration 29: OK giveTimeStamp() -> 2025-12-02 18:04:03
2025-12-02 18:04:03,980 [INFO] Iteration 30: OK giveTimeStamp() -> 2025-12-02 18:04:03
2025-12-02 18:04:03,980 [INFO] Iteration 31: OK giveTimeStamp() -> 2025-12-02 18:04:03
2025-12-02 18:04:03,980 [INFO] Iteration 32: OK giveTimeStamp() -> 2025-12-02 18:04:03
2025-12-02 18:04:03,980 [INFO] Iteration 33: OK giveTimeStamp() -> 2025-12-02 18:04:03
2025-12-02 18:04:03,980 [INFO] Iteration 34: OK giveTimeStamp() -> 2025-12-02 18:04:03
2025-12-02 18:04:03,980 [INFO] Iteration 35: OK giveTimeStamp() -> 2025-12-02 18:04:03
2025-12-02 18:04:03,980 [INFO] Iteration 36: OK giveTimeStamp() -> 2025-12-02 18:04:03
2025-12-02 18:04:03,980 [INFO] Iteration 37: OK giveTimeStamp() -> 2025-12-02 18:04:03
2025-12-02 18:04:03,980 [INFO] Iteration 38: OK giveTimeStamp() -> 2025-12-02 18:04:03
2025-12-02 18:04:03,980 [INFO] Iteration 39: OK giveTimeStamp() -> 2025-12-02 18:04:03
2025-12-02 18:04:03,980 [INFO] Iteration 40: OK giveTimeStamp() -> 2025-12-02 18:04:03
2025-12-02 18:04:03,980 [INFO] Iteration 41: OK giveTimeStamp() -> 2025-12-02 18:04:03
2025-12-02 18:04:03,980 [INFO] Iteration 42: OK giveTimeStamp() -> 2025-12-02 18:04:03
2025-12-02 18:04:03,980 [INFO] Iteration 43: OK giveTimeStamp() -> 2025-12-02 18:04:03
2025-12-02 18:04:03,980 [INFO] Iteration 44: OK giveTimeStamp() -> 2025-12-02 18:04:03
2025-12-02 18:04:03,980 [INFO] Iteration 45: OK giveTimeStamp() -> 2025-12-02 18:04:03
2025-12-02 18:04:03,980 [INFO] Iteration 46: OK giveTimeStamp() -> 2025-12-02 18:04:03
2025-12-02 18:04:03,980 [INFO] Iteration 47: OK giveTimeStamp() -> 2025-12-02 18:04:03
2025-12-02 18:04:03,981 [INFO] Iteration 48: OK giveTimeStamp() -> 2025-12-02 18:04:03
2025-12-02 18:04:03,981 [INFO] Iteration 49: OK giveTimeStamp() -> 2025-12-02 18:04:03
2025-12-02 18:04:03,981 [INFO] === Fuzzing dumpContentIntoFile(strP, fileP) ===
2025-12-02 18:04:03,981 [INFO] Iteration 0: dumpContentIntoFile -> returned=214, actual=214
2025-12-02 18:04:03,981 [INFO] Iteration 1: dumpContentIntoFile -> returned=3, actual=3
2025-12-02 18:04:03,982 [INFO] Iteration 2: dumpContentIntoFile -> returned=300, actual=300
2025-12-02 18:04:03,982 [INFO] Iteration 3: dumpContentIntoFile -> returned=268, actual=268
2025-12-02 18:04:03,983 [INFO] Iteration 4: dumpContentIntoFile -> returned=211, actual=211
2025-12-02 18:04:03,983 [INFO] Iteration 5: dumpContentIntoFile -> returned=303, actual=303
2025-12-02 18:04:03,983 [INFO] Iteration 6: dumpContentIntoFile -> returned=190, actual=190
2025-12-02 18:04:03,984 [INFO] Iteration 7: dumpContentIntoFile -> returned=319, actual=319
2025-12-02 18:04:03,984 [INFO] Iteration 8: dumpContentIntoFile -> returned=437, actual=437
2025-12-02 18:04:03,985 [INFO] Iteration 9: dumpContentIntoFile -> returned=96, actual=96
2025-12-02 18:04:03,985 [INFO] Iteration 10: dumpContentIntoFile -> returned=370, actual=370
2025-12-02 18:04:03,985 [INFO] Iteration 11: dumpContentIntoFile -> returned=248, actual=248
2025-12-02 18:04:03,987 [INFO] Iteration 12: dumpContentIntoFile -> returned=197, actual=197
2025-12-02 18:04:03,987 [INFO] Iteration 13: dumpContentIntoFile -> returned=425, actual=425
2025-12-02 18:04:03,987 [INFO] Iteration 14: dumpContentIntoFile -> returned=186, actual=186
2025-12-02 18:04:03,988 [INFO] Iteration 15: dumpContentIntoFile -> returned=213, actual=213
2025-12-02 18:04:03,988 [INFO] Iteration 16: dumpContentIntoFile -> returned=94, actual=94
2025-12-02 18:04:03,988 [INFO] Iteration 17: dumpContentIntoFile -> returned=424, actual=424
2025-12-02 18:04:03,988 [INFO] Iteration 18: dumpContentIntoFile -> returned=427, actual=427
2025-12-02 18:04:03,988 [INFO] Iteration 19: dumpContentIntoFile -> returned=326, actual=326
2025-12-02 18:04:03,988 [INFO] Iteration 20: dumpContentIntoFile -> returned=456, actual=456
2025-12-02 18:04:03,988 [INFO] Iteration 21: dumpContentIntoFile -> returned=231, actual=231
2025-12-02 18:04:03,991 [INFO] Iteration 22: dumpContentIntoFile -> returned=105, actual=105
2025-12-02 18:04:03,991 [INFO] Iteration 23: dumpContentIntoFile -> returned=150, actual=150
2025-12-02 18:04:03,992 [INFO] Iteration 24: dumpContentIntoFile -> returned=470, actual=470
2025-12-02 18:04:03,992 [INFO] Iteration 25: dumpContentIntoFile -> returned=12, actual=12
2025-12-02 18:04:03,992 [INFO] Iteration 26: dumpContentIntoFile -> returned=450, actual=450
2025-12-02 18:04:03,993 [INFO] Iteration 27: dumpContentIntoFile -> returned=449, actual=449
2025-12-02 18:04:03,994 [INFO] Iteration 28: dumpContentIntoFile -> returned=14, actual=14
2025-12-02 18:04:03,994 [INFO] Iteration 29: dumpContentIntoFile -> returned=324, actual=324
2025-12-02 18:04:03,994 [INFO] Iteration 30: dumpContentIntoFile -> returned=94, actual=94
2025-12-02 18:04:03,994 [INFO] Iteration 31: dumpContentIntoFile -> returned=193, actual=193
2025-12-02 18:04:03,994 [INFO] Iteration 32: dumpContentIntoFile -> returned=346, actual=346
2025-12-02 18:04:03,994 [INFO] Iteration 33: dumpContentIntoFile -> returned=497, actual=497
2025-12-02 18:04:03,996 [INFO] Iteration 34: dumpContentIntoFile -> returned=352, actual=352
2025-12-02 18:04:03,996 [INFO] Iteration 35: dumpContentIntoFile -> returned=494, actual=494
2025-12-02 18:04:03,996 [INFO] Iteration 36: dumpContentIntoFile -> returned=488, actual=488
2025-12-02 18:04:03,996 [INFO] Iteration 37: dumpContentIntoFile -> returned=151, actual=151
2025-12-02 18:04:03,996 [INFO] Iteration 38: dumpContentIntoFile -> returned=330, actual=330
2025-12-02 18:04:03,999 [INFO] Iteration 39: dumpContentIntoFile -> returned=424, actual=424
2025-12-02 18:04:03,999 [INFO] Iteration 40: dumpContentIntoFile -> returned=284, actual=284
2025-12-02 18:04:04,000 [INFO] Iteration 41: dumpContentIntoFile -> returned=112, actual=112
2025-12-02 18:04:04,000 [INFO] Iteration 42: dumpContentIntoFile -> returned=306, actual=306
2025-12-02 18:04:04,001 [INFO] Iteration 43: dumpContentIntoFile -> returned=73, actual=73
2025-12-02 18:04:04,001 [INFO] Iteration 44: dumpContentIntoFile -> returned=315, actual=315
2025-12-02 18:04:04,001 [INFO] Iteration 45: dumpContentIntoFile -> returned=166, actual=166
2025-12-02 18:04:04,002 [INFO] Iteration 46: dumpContentIntoFile -> returned=166, actual=166
2025-12-02 18:04:04,002 [INFO] Iteration 47: dumpContentIntoFile -> returned=344, actual=344
2025-12-02 18:04:04,003 [INFO] Iteration 48: dumpContentIntoFile -> returned=56, actual=56
2025-12-02 18:04:04,003 [INFO] Iteration 49: dumpContentIntoFile -> returned=73, actual=73
2025-12-02 18:04:04,003 [INFO] === Fuzzing deleteRepo(dirName, type_) ===
2025-12-02 18:04:04,004 [INFO] Iteration 0: deleteRepo('C:\\Users\\kolli\\OneDrive\\Documents\\project\\RiteshPiyush-FALL2025-SQA\\MLForensics-farzana\\fuzz_tmp\\dir_0', 'TEST') -> exists_after=False
2025-12-02 18:04:04,004 [INFO] Iteration 1: deleteRepo('C:\\Users\\kolli\\OneDrive\\Documents\\project\\RiteshPiyush-FALL2025-SQA\\MLForensics-farzana\\fuzz_tmp\\nonexistent_1', 'TEST') -> exists_after=False
2025-12-02 18:04:04,006 [INFO] Iteration 2: deleteRepo('C:\\Users\\kolli\\OneDrive\\Documents\\project\\RiteshPiyush-FALL2025-SQA\\MLForensics-farzana\\fuzz_tmp\\dir_2', 'RO3!=]&l(I') -> exists_after=False
2025-12-02 18:04:04,006 [INFO] Iteration 3: deleteRepo('C:\\Users\\kolli\\OneDrive\\Documents\\project\\RiteshPiyush-FALL2025-SQA\\MLForensics-farzana\\fuzz_tmp\\nonexistent_3', 'FUZZ') -> exists_after=False
2025-12-02 18:04:04,007 [INFO] Iteration 4: deleteRepo('C:\\Users\\kolli\\OneDrive\\Documents\\project\\RiteshPiyush-FALL2025-SQA\\MLForensics-farzana\\fuzz_tmp\\dir_4', 'TEST') -> exists_after=False
2025-12-02 18:04:04,007 [INFO] Iteration 5: deleteRepo('C:\\Users\\kolli\\OneDrive\\Documents\\project\\RiteshPiyush-FALL2025-SQA\\MLForensics-farzana\\fuzz_tmp\\nonexistent_5', '\nEiB}A\r%hI') -> exists_after=False
2025-12-02 18:04:04,007 [INFO] Iteration 6: deleteRepo('C:\\Users\\kolli\\OneDrive\\Documents\\project\\RiteshPiyush-FALL2025-SQA\\MLForensics-farzana\\fuzz_tmp\\dir_6', '') -> exists_after=False
2025-12-02 18:04:04,007 [INFO] Iteration 7: deleteRepo('C:\\Users\\kolli\\OneDrive\\Documents\\project\\RiteshPiyush-FALL2025-SQA\\MLForensics-farzana\\fuzz_tmp\\nonexistent_7', 'TEST') -> exists_after=False
2025-12-02 18:04:04,007 [INFO] Iteration 8: deleteRepo('C:\\Users\\kolli\\OneDrive\\Documents\\project\\RiteshPiyush-FALL2025-SQA\\MLForensics-farzana\\fuzz_tmp\\dir_8', 'TEST') -> exists_after=False
2025-12-02 18:04:04,007 [INFO] Iteration 9: deleteRepo('C:\\Users\\kolli\\OneDrive\\Documents\\project\\RiteshPiyush-FALL2025-SQA\\MLForensics-farzana\\fuzz_tmp\\nonexistent_9', '') -> exists_after=False
2025-12-02 18:04:04,007 [INFO] Iteration 10: deleteRepo('C:\\Users\\kolli\\OneDrive\\Documents\\project\\RiteshPiyush-FALL2025-SQA\\MLForensics-farzana\\fuzz_tmp\\dir_10', 'Cw0l') -> exists_after=False
2025-12-02 18:04:04,007 [INFO] Iteration 11: deleteRepo('C:\\Users\\kolli\\OneDrive\\Documents\\project\\RiteshPiyush-FALL2025-SQA\\MLForensics-farzana\\fuzz_tmp\\nonexistent_11', 'TEST') -> exists_after=False
2025-12-02 18:04:04,012 [INFO] Iteration 12: deleteRepo('C:\\Users\\kolli\\OneDrive\\Documents\\project\\RiteshPiyush-FALL2025-SQA\\MLForensics-farzana\\fuzz_tmp\\dir_12', 'FUZZ') -> exists_after=False
2025-12-02 18:04:04,012 [INFO] Iteration 13: deleteRepo('C:\\Users\\kolli\\OneDrive\\Documents\\project\\RiteshPiyush-FALL2025-SQA\\MLForensics-farzana\\fuzz_tmp\\nonexistent_13', 'TEST') -> exists_after=False
2025-12-02 18:04:04,013 [INFO] Iteration 14: deleteRepo('C:\\Users\\kolli\\OneDrive\\Documents\\project\\RiteshPiyush-FALL2025-SQA\\MLForensics-farzana\\fuzz_tmp\\dir_14', '') -> exists_after=False
2025-12-02 18:04:04,013 [INFO] Iteration 15: deleteRepo('C:\\Users\\kolli\\OneDrive\\Documents\\project\\RiteshPiyush-FALL2025-SQA\\MLForensics-farzana\\fuzz_tmp\\nonexistent_15', 'TEST') -> exists_after=False
2025-12-02 18:04:04,014 [INFO] Iteration 16: deleteRepo('C:\\Users\\kolli\\OneDrive\\Documents\\project\\RiteshPiyush-FALL2025-SQA\\MLForensics-farzana\\fuzz_tmp\\dir_16', 'FUZZ') -> exists_after=False
2025-12-02 18:04:04,014 [INFO] Iteration 17: deleteRepo('C:\\Users\\kolli\\OneDrive\\Documents\\project\\RiteshPiyush-FALL2025-SQA\\MLForensics-farzana\\fuzz_tmp\\nonexistent_17', '') -> exists_after=False
2025-12-02 18:04:04,016 [INFO] Iteration 18: deleteRepo('C:\\Users\\kolli\\OneDrive\\Documents\\project\\RiteshPiyush-FALL2025-SQA\\MLForensics-farzana\\fuzz_tmp\\dir_18', '') -> exists_after=False
2025-12-02 18:04:04,016 [INFO] Iteration 19: deleteRepo('C:\\Users\\kolli\\OneDrive\\Documents\\project\\RiteshPiyush-FALL2025-SQA\\MLForensics-farzana\\fuzz_tmp\\nonexistent_19', '') -> exists_after=False
2025-12-02 18:04:04,017 [INFO] Iteration 20: deleteRepo('C:\\Users\\kolli\\OneDrive\\Documents\\project\\RiteshPiyush-FALL2025-SQA\\MLForensics-farzana\\fuzz_tmp\\dir_20', "'") -> exists_after=False
2025-12-02 18:04:04,017 [INFO] Iteration 21: deleteRepo('C:\\Users\\kolli\\OneDrive\\Documents\\project\\RiteshPiyush-FALL2025-SQA\\MLForensics-farzana\\fuzz_tmp\\nonexistent_21', 'TEST') -> exists_after=False
2025-12-02 18:04:04,018 [INFO] Iteration 22: deleteRepo('C:\\Users\\kolli\\OneDrive\\Documents\\project\\RiteshPiyush-FALL2025-SQA\\MLForensics-farzana\\fuzz_tmp\\dir_22', '') -> exists_after=False
2025-12-02 18:04:04,018 [INFO] Iteration 23: deleteRepo('C:\\Users\\kolli\\OneDrive\\Documents\\project\\RiteshPiyush-FALL2025-SQA\\MLForensics-farzana\\fuzz_tmp\\nonexistent_23', '",8+f1\x0c') -> exists_after=False
2025-12-02 18:04:04,019 [INFO] Iteration 24: deleteRepo('C:\\Users\\kolli\\OneDrive\\Documents\\project\\RiteshPiyush-FALL2025-SQA\\MLForensics-farzana\\fuzz_tmp\\dir_24', 'FUZZ') -> exists_after=False
2025-12-02 18:04:04,020 [INFO] Iteration 25: deleteRepo('C:\\Users\\kolli\\OneDrive\\Documents\\project\\RiteshPiyush-FALL2025-SQA\\MLForensics-farzana\\fuzz_tmp\\nonexistent_25', 'TEST') -> exists_after=False
2025-12-02 18:04:04,021 [INFO] Iteration 26: deleteRepo('C:\\Users\\kolli\\OneDrive\\Documents\\project\\RiteshPiyush-FALL2025-SQA\\MLForensics-farzana\\fuzz_tmp\\dir_26', '') -> exists_after=False
2025-12-02 18:04:04,021 [INFO] Iteration 27: deleteRepo('C:\\Users\\kolli\\OneDrive\\Documents\\project\\RiteshPiyush-FALL2025-SQA\\MLForensics-farzana\\fuzz_tmp\\nonexistent_27', 'FUZZ') -> exists_after=False
2025-12-02 18:04:04,022 [INFO] Iteration 28: deleteRepo('C:\\Users\\kolli\\OneDrive\\Documents\\project\\RiteshPiyush-FALL2025-SQA\\MLForensics-farzana\\fuzz_tmp\\dir_28', 'TEST') -> exists_after=False
2025-12-02 18:04:04,022 [INFO] Iteration 29: deleteRepo('C:\\Users\\kolli\\OneDrive\\Documents\\project\\RiteshPiyush-FALL2025-SQA\\MLForensics-farzana\\fuzz_tmp\\nonexistent_29', '') -> exists_after=False
2025-12-02 18:04:04,023 [INFO] Iteration 30: deleteRepo('C:\\Users\\kolli\\OneDrive\\Documents\\project\\RiteshPiyush-FALL2025-SQA\\MLForensics-farzana\\fuzz_tmp\\dir_30', 'FUZZ') -> exists_after=False
2025-12-02 18:04:04,023 [INFO] Iteration 31: deleteRepo('C:\\Users\\kolli\\OneDrive\\Documents\\project\\RiteshPiyush-FALL2025-SQA\\MLForensics-farzana\\fuzz_tmp\\nonexistent_31', 'TEST') -> exists_after=False
2025-12-02 18:04:04,024 [INFO] Iteration 32: deleteRepo('C:\\Users\\kolli\\OneDrive\\Documents\\project\\RiteshPiyush-FALL2025-SQA\\MLForensics-farzana\\fuzz_tmp\\dir_32', 'FUZZ') -> exists_after=False
2025-12-02 18:04:04,024 [INFO] Iteration 33: deleteRepo('C:\\Users\\kolli\\OneDrive\\Documents\\project\\RiteshPiyush-FALL2025-SQA\\MLForensics-farzana\\fuzz_tmp\\nonexistent_33', '') -> exists_after=False
2025-12-02 18:04:04,025 [INFO] Iteration 34: deleteRepo('C:\\Users\\kolli\\OneDrive\\Documents\\project\\RiteshPiyush-FALL2025-SQA\\MLForensics-farzana\\fuzz_tmp\\dir_34', 'FUZZ') -> exists_after=False
2025-12-02 18:04:04,026 [INFO] Iteration 35: deleteRepo('C:\\Users\\kolli\\OneDrive\\Documents\\project\\RiteshPiyush-FALL2025-SQA\\MLForensics-farzana\\fuzz_tmp\\nonexistent_35', '') -> exists_after=False
2025-12-02 18:04:04,027 [INFO] Iteration 36: deleteRepo('C:\\Users\\kolli\\OneDrive\\Documents\\project\\RiteshPiyush-FALL2025-SQA\\MLForensics-farzana\\fuzz_tmp\\dir_36', '\r\n"f>/>') -> exists_after=False
2025-12-02 18:04:04,027 [INFO] Iteration 37: deleteRepo('C:\\Users\\kolli\\OneDrive\\Documents\\project\\RiteshPiyush-FALL2025-SQA\\MLForensics-farzana\\fuzz_tmp\\nonexistent_37', 'TEST') -> exists_after=False
2025-12-02 18:04:04,028 [INFO] Iteration 38: deleteRepo('C:\\Users\\kolli\\OneDrive\\Documents\\project\\RiteshPiyush-FALL2025-SQA\\MLForensics-farzana\\fuzz_tmp\\dir_38', 'FUZZ') -> exists_after=False
2025-12-02 18:04:04,028 [INFO] Iteration 39: deleteRepo('C:\\Users\\kolli\\OneDrive\\Documents\\project\\RiteshPiyush-FALL2025-SQA\\MLForensics-farzana\\fuzz_tmp\\nonexistent_39', 'TEST') -> exists_after=False
2025-12-02 18:04:04,029 [INFO] Iteration 40: deleteRepo('C:\\Users\\kolli\\OneDrive\\Documents\\project\\RiteshPiyush-FALL2025-SQA\\MLForensics-farzana\\fuzz_tmp\\dir_40', 'TEST') -> exists_after=False
2025-12-02 18:04:04,029 [INFO] Iteration 41: deleteRepo('C:\\Users\\kolli\\OneDrive\\Documents\\project\\RiteshPiyush-FALL2025-SQA\\MLForensics-farzana\\fuzz_tmp\\nonexistent_41', '') -> exists_after=False
2025-12-02 18:04:04,032 [INFO] Iteration 42: deleteRepo('C:\\Users\\kolli\\OneDrive\\Documents\\project\\RiteshPiyush-FALL2025-SQA\\MLForensics-farzana\\fuzz_tmp\\dir_42', 'TEST') -> exists_after=False
2025-12-02 18:04:04,032 [INFO] Iteration 43: deleteRepo('C:\\Users\\kolli\\OneDrive\\Documents\\project\\RiteshPiyush-FALL2025-SQA\\MLForensics-farzana\\fuzz_tmp\\nonexistent_43', 'TEST') -> exists_after=False
2025-12-02 18:04:04,033 [INFO] Iteration 44: deleteRepo('C:\\Users\\kolli\\OneDrive\\Documents\\project\\RiteshPiyush-FALL2025-SQA\\MLForensics-farzana\\fuzz_tmp\\dir_44', '') -> exists_after=False
2025-12-02 18:04:04,033 [INFO] Iteration 45: deleteRepo('C:\\Users\\kolli\\OneDrive\\Documents\\project\\RiteshPiyush-FALL2025-SQA\\MLForensics-farzana\\fuzz_tmp\\nonexistent_45', 'FUZZ') -> exists_after=False
2025-12-02 18:04:04,034 [INFO] Iteration 46: deleteRepo('C:\\Users\\kolli\\OneDrive\\Documents\\project\\RiteshPiyush-FALL2025-SQA\\MLForensics-farzana\\fuzz_tmp\\dir_46', 'rC<>%EPz.(') -> exists_after=False
2025-12-02 18:04:04,035 [INFO] Iteration 47: deleteRepo('C:\\Users\\kolli\\OneDrive\\Documents\\project\\RiteshPiyush-FALL2025-SQA\\MLForensics-farzana\\fuzz_tmp\\nonexistent_47', '') -> exists_after=False
2025-12-02 18:04:04,036 [INFO] Iteration 48: deleteRepo('C:\\Users\\kolli\\OneDrive\\Documents\\project\\RiteshPiyush-FALL2025-SQA\\MLForensics-farzana\\fuzz_tmp\\dir_48', '') -> exists_after=False
2025-12-02 18:04:04,036 [INFO] Iteration 49: deleteRepo('C:\\Users\\kolli\\OneDrive\\Documents\\project\\RiteshPiyush-FALL2025-SQA\\MLForensics-farzana\\fuzz_tmp\\nonexistent_49', 'FUZZ') -> exists_after=False
2025-12-02 18:04:04,036 [INFO] === Fuzzing makeChunks(the_list, size_) ===
2025-12-02 18:04:04,036 [INFO] Iteration 0: OK makeChunks(len=67, size=4) -> 17 chunks
2025-12-02 18:04:04,036 [INFO] Iteration 1: OK makeChunks(len=43, size=11) -> 4 chunks
2025-12-02 18:04:04,036 [INFO] Iteration 2: OK makeChunks(len=51, size=12) -> 5 chunks
2025-12-02 18:04:04,036 [INFO] Iteration 3: OK makeChunks(len=54, size=12) -> 5 chunks
2025-12-02 18:04:04,036 [INFO] Iteration 4: OK makeChunks(len=46, size=17) -> 3 chunks
2025-12-02 18:04:04,036 [INFO] Iteration 5: OK makeChunks(len=75, size=10) -> 8 chunks
2025-12-02 18:04:04,036 [INFO] Iteration 6: OK makeChunks(len=32, size=18) -> 2 chunks
2025-12-02 18:04:04,036 [INFO] Iteration 7: OK makeChunks(len=95, size=3) -> 32 chunks
2025-12-02 18:04:04,036 [INFO] Iteration 8: OK makeChunks(len=23, size=18) -> 2 chunks
2025-12-02 18:04:04,036 [INFO] Iteration 9: OK makeChunks(len=98, size=17) -> 6 chunks
2025-12-02 18:04:04,036 [INFO] Iteration 10: OK makeChunks(len=68, size=13) -> 6 chunks
2025-12-02 18:04:04,036 [INFO] Iteration 11: OK makeChunks(len=19, size=17) -> 2 chunks
2025-12-02 18:04:04,036 [INFO] Iteration 12: OK makeChunks(len=76, size=17) -> 5 chunks
2025-12-02 18:04:04,037 [INFO] Iteration 13: OK makeChunks(len=76, size=11) -> 7 chunks
2025-12-02 18:04:04,037 [INFO] Iteration 14: OK makeChunks(len=90, size=20) -> 5 chunks
2025-12-02 18:04:04,037 [INFO] Iteration 15: OK makeChunks(len=69, size=13) -> 6 chunks
2025-12-02 18:04:04,037 [INFO] Iteration 16: OK makeChunks(len=22, size=3) -> 8 chunks
2025-12-02 18:04:04,037 [INFO] Iteration 17: OK makeChunks(len=16, size=4) -> 4 chunks
2025-12-02 18:04:04,037 [INFO] Iteration 18: OK makeChunks(len=63, size=5) -> 13 chunks
2025-12-02 18:04:04,037 [INFO] Iteration 19: OK makeChunks(len=46, size=13) -> 4 chunks
2025-12-02 18:04:04,037 [INFO] Iteration 20: OK makeChunks(len=69, size=1) -> 69 chunks
2025-12-02 18:04:04,037 [INFO] Iteration 21: OK makeChunks(len=56, size=1) -> 56 chunks
2025-12-02 18:04:04,037 [INFO] Iteration 22: OK makeChunks(len=70, size=16) -> 5 chunks
2025-12-02 18:04:04,037 [INFO] Iteration 23: OK makeChunks(len=8, size=19) -> 1 chunks
2025-12-02 18:04:04,037 [INFO] Iteration 24: OK makeChunks(len=42, size=10) -> 5 chunks
2025-12-02 18:04:04,037 [INFO] Iteration 25: OK makeChunks(len=27, size=2) -> 14 chunks
2025-12-02 18:04:04,037 [INFO] Iteration 26: OK makeChunks(len=0, size=15) -> 0 chunks
2025-12-02 18:04:04,037 [INFO] Iteration 27: OK makeChunks(len=37, size=11) -> 4 chunks
2025-12-02 18:04:04,037 [INFO] Iteration 28: OK makeChunks(len=72, size=3) -> 24 chunks
2025-12-02 18:04:04,037 [INFO] Iteration 29: OK makeChunks(len=26, size=1) -> 26 chunks
2025-12-02 18:04:04,037 [INFO] Iteration 30: OK makeChunks(len=55, size=6) -> 10 chunks
2025-12-02 18:04:04,037 [INFO] Iteration 31: OK makeChunks(len=59, size=16) -> 4 chunks
2025-12-02 18:04:04,037 [INFO] Iteration 32: OK makeChunks(len=80, size=14) -> 6 chunks
2025-12-02 18:04:04,037 [INFO] Iteration 33: OK makeChunks(len=33, size=5) -> 7 chunks
2025-12-02 18:04:04,037 [INFO] Iteration 34: OK makeChunks(len=85, size=15) -> 6 chunks
2025-12-02 18:04:04,037 [INFO] Iteration 35: OK makeChunks(len=30, size=7) -> 5 chunks
2025-12-02 18:04:04,037 [INFO] Iteration 36: OK makeChunks(len=2, size=8) -> 1 chunks
2025-12-02 18:04:04,037 [INFO] Iteration 37: OK makeChunks(len=76, size=6) -> 13 chunks
2025-12-02 18:04:04,037 [INFO] Iteration 38: OK makeChunks(len=10, size=3) -> 4 chunks
2025-12-02 18:04:04,038 [INFO] Iteration 39: OK makeChunks(len=74, size=5) -> 15 chunks
2025-12-02 18:04:04,038 [INFO] Iteration 40: OK makeChunks(len=2, size=20) -> 1 chunks
2025-12-02 18:04:04,038 [INFO] Iteration 41: OK makeChunks(len=16, size=4) -> 4 chunks
2025-12-02 18:04:04,038 [INFO] Iteration 42: OK makeChunks(len=87, size=19) -> 5 chunks
2025-12-02 18:04:04,038 [INFO] Iteration 43: OK makeChunks(len=90, size=17) -> 6 chunks
2025-12-02 18:04:04,038 [INFO] Iteration 44: OK makeChunks(len=61, size=12) -> 6 chunks
2025-12-02 18:04:04,038 [INFO] Iteration 45: OK makeChunks(len=52, size=20) -> 3 chunks
2025-12-02 18:04:04,038 [INFO] Iteration 46: OK makeChunks(len=57, size=15) -> 4 chunks
2025-12-02 18:04:04,038 [INFO] Iteration 47: OK makeChunks(len=1, size=8) -> 1 chunks
2025-12-02 18:04:04,038 [INFO] Iteration 48: OK makeChunks(len=59, size=6) -> 10 chunks
2025-12-02 18:04:04,038 [INFO] Iteration 49: OK makeChunks(len=8, size=11) -> 1 chunks
2025-12-02 18:04:04,038 [INFO] === Fuzzing days_between(d1_, d2_) ===
2025-12-02 18:04:04,038 [INFO] Iteration 0: OK days_between(datetime.datetime(1996, 9, 29, 20, 52, 29), datetime.datetime(1995, 6, 6, 20, 52, 29)) -> 481
2025-12-02 18:04:04,038 [INFO] Iteration 1: OK days_between(datetime.datetime(1979, 11, 20, 4, 3, 7), datetime.datetime(1978, 7, 8, 4, 3, 7)) -> 500
2025-12-02 18:04:04,038 [ERROR] Iteration 2: EXCEPTION in days_between('"/fY', None): unsupported operand type(s) for -: 'NoneType' and 'str'
Traceback (most recent call last):
  File "C:\Users\kolli\OneDrive\Documents\project\RiteshPiyush-FALL2025-SQA\MLForensics-farzana\fuzz.py", line 187, in fuzz_days_between
    result = days_between(d1, d2)
             ^^^^^^^^^^^^^^^^^^^^
  File "C:\Users\kolli\OneDrive\Documents\project\RiteshPiyush-FALL2025-SQA\MLForensics-farzana\mining\mining.py", line 79, in days_between
    return abs((d2_ - d1_).days)
                ~~~~^~~~~
TypeError: unsupported operand type(s) for -: 'NoneType' and 'str'
2025-12-02 18:04:04,039 [INFO] Iteration 3: OK days_between(datetime.datetime(1987, 6, 29, 20, 13, 23), datetime.datetime(1988, 3, 6, 20, 13, 23)) -> 251
2025-12-02 18:04:04,039 [INFO] Iteration 4: OK days_between(datetime.datetime(1973, 8, 18, 10, 22, 34), datetime.datetime(1973, 7, 19, 10, 22, 34)) -> 30
2025-12-02 18:04:04,039 [INFO] Iteration 5: OK days_between(datetime.datetime(1978, 3, 24, 12, 6, 46), datetime.datetime(1976, 4, 5, 12, 6, 46)) -> 718
2025-12-02 18:04:04,039 [INFO] Iteration 6: OK days_between(datetime.datetime(2007, 10, 18, 5, 11), datetime.datetime(2007, 8, 8, 5, 11)) -> 71
2025-12-02 18:04:04,039 [ERROR] Iteration 7: EXCEPTION in days_between(123, None): unsupported operand type(s) for -: 'NoneType' and 'int'
Traceback (most recent call last):
  File "C:\Users\kolli\OneDrive\Documents\project\RiteshPiyush-FALL2025-SQA\MLForensics-farzana\fuzz.py", line 187, in fuzz_days_between
    result = days_between(d1, d2)
             ^^^^^^^^^^^^^^^^^^^^
  File "C:\Users\kolli\OneDrive\Documents\project\RiteshPiyush-FALL2025-SQA\MLForensics-farzana\mining\mining.py", line 79, in days_between
    return abs((d2_ - d1_).days)
                ~~~~^~~~~
TypeError: unsupported operand type(s) for -: 'NoneType' and 'int'
2025-12-02 18:04:04,039 [INFO] Iteration 8: OK days_between(datetime.datetime(1970, 11, 9, 4, 24, 5), datetime.datetime(1970, 9, 2, 4, 24, 5)) -> 68
2025-12-02 18:04:04,039 [INFO] Iteration 9: OK days_between(datetime.datetime(1989, 11, 30, 4, 29, 22), datetime.datetime(1990, 8, 1, 4, 29, 22)) -> 244
2025-12-02 18:04:04,039 [INFO] Iteration 10: OK days_between(datetime.datetime(2024, 10, 11, 16, 33, 55), datetime.datetime(2027, 3, 11, 16, 33, 55)) -> 881
2025-12-02 18:04:04,039 [ERROR] Iteration 11: EXCEPTION in days_between(datetime.datetime(2025, 12, 2, 18, 4, 4, 39477), '2025-12-02T18:04:04.039477'): unsupported operand type(s) for -: 'str' and 'datetime.datetime'
Traceback (most recent call last):
  File "C:\Users\kolli\OneDrive\Documents\project\RiteshPiyush-FALL2025-SQA\MLForensics-farzana\fuzz.py", line 187, in fuzz_days_between
    result = days_between(d1, d2)
             ^^^^^^^^^^^^^^^^^^^^
  File "C:\Users\kolli\OneDrive\Documents\project\RiteshPiyush-FALL2025-SQA\MLForensics-farzana\mining\mining.py", line 79, in days_between
    return abs((d2_ - d1_).days)
                ~~~~^~~~~
TypeError: unsupported operand type(s) for -: 'str' and 'datetime.datetime'
2025-12-02 18:04:04,040 [INFO] Iteration 12: OK days_between(datetime.datetime(2019, 10, 2, 14, 55, 43), datetime.datetime(2020, 12, 3, 14, 55, 43)) -> 428
2025-12-02 18:04:04,040 [INFO] Iteration 13: OK days_between(datetime.datetime(1982, 6, 28, 7, 26, 23), datetime.datetime(1980, 6, 17, 7, 26, 23)) -> 741
2025-12-02 18:04:04,040 [INFO] Iteration 14: OK days_between(datetime.datetime(2024, 9, 19, 3, 49, 9), datetime.datetime(2026, 2, 27, 3, 49, 9)) -> 526
2025-12-02 18:04:04,040 [INFO] Iteration 15: OK days_between(datetime.datetime(2006, 10, 8, 5, 5, 45), datetime.datetime(2007, 2, 18, 5, 5, 45)) -> 133
2025-12-02 18:04:04,040 [INFO] Iteration 16: OK days_between(datetime.datetime(2024, 11, 24, 3, 20, 24), datetime.datetime(2027, 6, 14, 3, 20, 24)) -> 932
2025-12-02 18:04:04,040 [INFO] Iteration 17: OK days_between(datetime.datetime(2015, 10, 9, 17, 53, 59), datetime.datetime(2016, 6, 7, 17, 53, 59)) -> 242
2025-12-02 18:04:04,040 [INFO] Iteration 18: OK days_between(datetime.datetime(1998, 7, 5, 7, 20, 7), datetime.datetime(1999, 5, 19, 7, 20, 7)) -> 318
2025-12-02 18:04:04,040 [INFO] Iteration 19: OK days_between(datetime.datetime(2010, 12, 27, 21, 54, 55), datetime.datetime(2013, 7, 31, 21, 54, 55)) -> 947
2025-12-02 18:04:04,040 [INFO] Iteration 20: OK days_between(datetime.datetime(1986, 2, 24, 4, 43, 43), datetime.datetime(1987, 4, 21, 4, 43, 43)) -> 421
2025-12-02 18:04:04,040 [INFO] Iteration 21: OK days_between(datetime.datetime(2025, 11, 8, 7, 40), datetime.datetime(2023, 5, 24, 7, 40)) -> 899
2025-12-02 18:04:04,040 [INFO] Iteration 22: OK days_between(datetime.datetime(2018, 6, 2, 10, 55, 21), datetime.datetime(2017, 9, 12, 10, 55, 21)) -> 263
2025-12-02 18:04:04,040 [INFO] Iteration 23: OK days_between(datetime.datetime(1998, 2, 3, 11, 14, 45), datetime.datetime(1997, 12, 20, 11, 14, 45)) -> 45
2025-12-02 18:04:04,040 [INFO] Iteration 24: OK days_between(datetime.datetime(1982, 12, 4, 9, 40, 31), datetime.datetime(1981, 6, 26, 9, 40, 31)) -> 526
2025-12-02 18:04:04,040 [INFO] Iteration 25: OK days_between(datetime.datetime(1998, 4, 23, 20, 19, 23), datetime.datetime(1995, 8, 20, 20, 19, 23)) -> 977
2025-12-02 18:04:04,040 [ERROR] Iteration 26: EXCEPTION in days_between(123, 'I6{2!^OF/.Y},cK\x0bV4}R'): unsupported operand type(s) for -: 'str' and 'int'
Traceback (most recent call last):
  File "C:\Users\kolli\OneDrive\Documents\project\RiteshPiyush-FALL2025-SQA\MLForensics-farzana\fuzz.py", line 187, in fuzz_days_between
    result = days_between(d1, d2)
             ^^^^^^^^^^^^^^^^^^^^
  File "C:\Users\kolli\OneDrive\Documents\project\RiteshPiyush-FALL2025-SQA\MLForensics-farzana\mining\mining.py", line 79, in days_between
    return abs((d2_ - d1_).days)
                ~~~~^~~~~
TypeError: unsupported operand type(s) for -: 'str' and 'int'
2025-12-02 18:04:04,040 [INFO] Iteration 27: OK days_between(datetime.datetime(1984, 11, 21, 23, 29), datetime.datetime(1982, 5, 5, 23, 29)) -> 931
2025-12-02 18:04:04,040 [INFO] Iteration 28: OK days_between(datetime.datetime(2020, 10, 3, 1, 19, 3), datetime.datetime(2019, 2, 27, 1, 19, 3)) -> 584
2025-12-02 18:04:04,040 [INFO] Iteration 29: OK days_between(datetime.datetime(2020, 10, 18, 18, 25, 55), datetime.datetime(2021, 12, 21, 18, 25, 55)) -> 429
2025-12-02 18:04:04,040 [INFO] Iteration 30: OK days_between(datetime.datetime(2014, 4, 10, 6, 16, 27), datetime.datetime(2012, 2, 4, 6, 16, 27)) -> 796
2025-12-02 18:04:04,040 [INFO] Iteration 31: OK days_between(datetime.datetime(1999, 4, 18, 19, 2, 40), datetime.datetime(1996, 8, 8, 19, 2, 40)) -> 983
2025-12-02 18:04:04,040 [INFO] Iteration 32: OK days_between(datetime.datetime(2010, 3, 8, 11, 27, 16), datetime.datetime(2012, 1, 21, 11, 27, 16)) -> 684
2025-12-02 18:04:04,040 [INFO] Iteration 33: OK days_between(datetime.datetime(1979, 8, 20, 3, 52, 4), datetime.datetime(1978, 8, 5, 3, 52, 4)) -> 380
2025-12-02 18:04:04,040 [INFO] Iteration 34: OK days_between(datetime.datetime(1982, 1, 10, 10, 59, 11), datetime.datetime(1980, 10, 26, 10, 59, 11)) -> 441
2025-12-02 18:04:04,040 [INFO] Iteration 35: OK days_between(datetime.datetime(1974, 10, 27, 20, 32, 44), datetime.datetime(1975, 2, 21, 20, 32, 44)) -> 117
2025-12-02 18:04:04,040 [INFO] Iteration 36: OK days_between(datetime.datetime(1996, 1, 23, 22, 27, 21), datetime.datetime(1994, 11, 25, 22, 27, 21)) -> 424
2025-12-02 18:04:04,040 [INFO] Iteration 37: OK days_between(datetime.datetime(1982, 12, 3, 9, 0, 46), datetime.datetime(1980, 3, 13, 9, 0, 46)) -> 995
2025-12-02 18:04:04,040 [INFO] Iteration 38: OK days_between(datetime.datetime(1982, 8, 26, 13, 5, 27), datetime.datetime(1984, 6, 13, 13, 5, 27)) -> 657
2025-12-02 18:04:04,040 [INFO] Iteration 39: OK days_between(datetime.datetime(2008, 7, 20, 1, 49, 24), datetime.datetime(2007, 5, 14, 1, 49, 24)) -> 433
2025-12-02 18:04:04,040 [ERROR] Iteration 40: EXCEPTION in days_between(None, 'Hg:toc'): unsupported operand type(s) for -: 'str' and 'NoneType'
Traceback (most recent call last):
  File "C:\Users\kolli\OneDrive\Documents\project\RiteshPiyush-FALL2025-SQA\MLForensics-farzana\fuzz.py", line 187, in fuzz_days_between
    result = days_between(d1, d2)
             ^^^^^^^^^^^^^^^^^^^^
  File "C:\Users\kolli\OneDrive\Documents\project\RiteshPiyush-FALL2025-SQA\MLForensics-farzana\mining\mining.py", line 79, in days_between
    return abs((d2_ - d1_).days)
                ~~~~^~~~~
TypeError: unsupported operand type(s) for -: 'str' and 'NoneType'
2025-12-02 18:04:04,041 [INFO] Iteration 41: OK days_between(datetime.datetime(2004, 2, 25, 17, 55, 37), datetime.datetime(2006, 5, 10, 17, 55, 37)) -> 805
2025-12-02 18:04:04,041 [INFO] Iteration 42: OK days_between(datetime.datetime(1985, 11, 20, 12, 7, 29), datetime.datetime(1987, 6, 18, 12, 7, 29)) -> 575
2025-12-02 18:04:04,041 [INFO] Iteration 43: OK days_between(datetime.datetime(2007, 1, 23, 16, 25, 52), datetime.datetime(2006, 6, 17, 16, 25, 52)) -> 220
2025-12-02 18:04:04,041 [INFO] Iteration 44: OK days_between(datetime.datetime(1989, 12, 26, 18, 42, 54), datetime.datetime(1992, 8, 6, 18, 42, 54)) -> 954
2025-12-02 18:04:04,041 [INFO] Iteration 45: OK days_between(datetime.datetime(2003, 5, 13, 12, 40, 56), datetime.datetime(2004, 2, 1, 12, 40, 56)) -> 264
2025-12-02 18:04:04,041 [ERROR] Iteration 46: EXCEPTION in days_between('xL$uA', 123): unsupported operand type(s) for -: 'int' and 'str'
Traceback (most recent call last):
  File "C:\Users\kolli\OneDrive\Documents\project\RiteshPiyush-FALL2025-SQA\MLForensics-farzana\fuzz.py", line 187, in fuzz_days_between
    result = days_between(d1, d2)
             ^^^^^^^^^^^^^^^^^^^^
  File "C:\Users\kolli\OneDrive\Documents\project\RiteshPiyush-FALL2025-SQA\MLForensics-farzana\mining\mining.py", line 79, in days_between
    return abs((d2_ - d1_).days)
                ~~~~^~~~~
TypeError: unsupported operand type(s) for -: 'int' and 'str'
2025-12-02 18:04:04,041 [INFO] Iteration 47: OK days_between(datetime.datetime(1986, 10, 16, 22, 24, 6), datetime.datetime(1987, 3, 5, 22, 24, 6)) -> 140
2025-12-02 18:04:04,041 [INFO] Iteration 48: OK days_between(datetime.datetime(2012, 9, 15, 19, 46, 54), datetime.datetime(2015, 5, 20, 19, 46, 54)) -> 977
2025-12-02 18:04:04,041 [INFO] Iteration 49: OK days_between(datetime.datetime(2028, 9, 24, 20, 18, 4), datetime.datetime(2027, 9, 6, 20, 18, 4)) -> 384
2025-12-02 18:04:04,041 [INFO] ==== FUZZING RUN COMPLETE ====
